<?xml version="1.0" encoding="UTF-8"?>
<testsuite name="agh.ics.oop.GlobeMapTest" tests="9" skipped="0" failures="0" errors="0" timestamp="2022-12-11T21:11:50" hostname="HP-ProBook-x360-11-G1-EE" time="0.117">
  <properties/>
  <testcase name="getNewPositionTest()" classname="agh.ics.oop.GlobeMapTest" time="0.057"/>
  <testcase name="addingAnimalsAndCanMoveToTest2()" classname="agh.ics.oop.GlobeMapTest" time="0.004"/>
  <testcase name="addingAnimalsAndCanMoveToTest3()" classname="agh.ics.oop.GlobeMapTest" time="0.002"/>
  <testcase name="CanMoveToTest1()" classname="agh.ics.oop.GlobeMapTest" time="0.004"/>
  <testcase name="animalsAtTest()" classname="agh.ics.oop.GlobeMapTest" time="0.007"/>
  <testcase name="twoAnimalsAtTest()" classname="agh.ics.oop.GlobeMapTest" time="0.004"/>
  <testcase name="addingAnimalsAndIsOccupiedTest()" classname="agh.ics.oop.GlobeMapTest" time="0.003"/>
  <testcase name="animalAtTest()" classname="agh.ics.oop.GlobeMapTest" time="0.004"/>
  <testcase name="addingAnimalTest()" classname="agh.ics.oop.GlobeMapTest" time="0.002"/>
  <system-out><![CDATA[]]></system-out>
  <system-err><![CDATA[]]></system-err>
</testsuite>
