<?xml version="1.0" encoding="UTF-8"?>
<testsuite name="agh.ics.oop.SimulationEngineTest" tests="5" skipped="0" failures="0" errors="0" timestamp="2022-12-19T20:27:25" hostname="HP-ProBook-x360-11-G1-EE" time="0.739">
  <properties/>
  <testcase name="constructorTest()" classname="agh.ics.oop.SimulationEngineTest" time="0.065"/>
  <testcase name="PlantsTest()" classname="agh.ics.oop.SimulationEngineTest" time="0.419"/>
  <testcase name="runLongTest()" classname="agh.ics.oop.SimulationEngineTest" time="0.181"/>
  <testcase name="ToxicTest()" classname="agh.ics.oop.SimulationEngineTest" time="0.02"/>
  <testcase name="runShortTest()" classname="agh.ics.oop.SimulationEngineTest" time="0.032"/>
  <system-out><![CDATA[GRASS
GRASS
GRASS
GRASS
GRASS
GRASS
GRASS
GRASS
GRASS
GRASS
GRASS
GRASS
GRASS
GRASS
GRASS
GRASS
GRASS
GRASS
GRASS
GRASS
GRASS
GRASS
GRASS
GRASS
GRASS
GRASS
GRASS
GRASS
]]></system-out>
  <system-err><![CDATA[]]></system-err>
</testsuite>
